<?xml version="1.0" encoding="UTF-8" ?>
<testsuite failures="0" time="0.367" errors="0" skipped="0" tests="14" name="com.x.devcamp.auction.AuctionListingTest">
  <properties>
[...]
</properties>
  <testcase time="0.19" classname="com.x.devcamp.auction.AuctionListingTest" name="testInitialBid"/>
  <testcase time="0.001" classname="com.x.devcamp.auction.AuctionListingTest" name="testOutbidSelf"/>
  <testcase time="0.001" classname="com.x.devcamp.auction.AuctionListingTest" name="testOutbidSomeoneElse"/>
  <testcase time="0.001" classname="com.x.devcamp.auction.AuctionListingTest" name="testBidLowerThanCurrentPrice"/>
  <testcase time="0" classname="com.x.devcamp.auction.AuctionListingTest" name="testBidLowerThanHigh"/>
  <testcase time="0.001" classname="com.x.devcamp.auction.AuctionListingTest" name="testBidAgainstOldListing"/>
  <testcase time="0" classname="com.x.devcamp.auction.AuctionListingTest" name="testBidAgainstUnlistedListing"/>
  <testcase time="0.001" classname="com.x.devcamp.auction.AuctionListingTest" name="testBidInvalidIncrement"/>
  <testcase time="0.001" classname="com.x.devcamp.auction.AuctionListingTest" name="testBidOnZeroPriceItem"/>
  <testcase time="0" classname="com.x.devcamp.auction.AuctionListingTest" name="testStartAuction"/>
  <testcase time="0" classname="com.x.devcamp.auction.AuctionListingTest" name="testStartAuctionTwice"/>
  <testcase time="0" classname="com.x.devcamp.auction.AuctionListingTest" name="testEndExistingAuction"/>
  <testcase time="0" classname="com.x.devcamp.auction.AuctionListingTest" name="testEndUnlistedAuction"/>
  <testcase time="0.001" classname="com.x.devcamp.auction.AuctionListingTest" name="testEndAuctionTwice"/>
</testsuite>